2025-01-21T15:01:03.359-0800 [DEBUG] [org.gradle.launcher.daemon.bootstrap.DaemonMain] Assuming the daemon was started with following jvm opts: [--add-exports=jdk.compiler/com.sun.tools.javac.util=ALL-UNNAMED, --add-opens=java.base/java.util.concurrent.atomic=ALL-UNNAMED, --add-opens=java.base/java.util=ALL-UNNAMED, --add-opens=java.base/java.lang=ALL-UNNAMED, --add-opens=java.base/java.lang.invoke=ALL-UNNAMED, --add-opens=java.prefs/java.util.prefs=ALL-UNNAMED, --add-exports=jdk.compiler/com.sun.tools.javac.api=ALL-UNNAMED, --add-exports=jdk.compiler/com.sun.tools.javac.util=ALL-UNNAMED, --add-opens=java.base/java.nio.charset=ALL-UNNAMED, --add-opens=java.base/java.net=ALL-UNNAMED, --add-opens=java.base/java.util.concurrent.atomic=ALL-UNNAMED, -Xmx2048m, -Dfile.encoding=UTF-8, -Duser.country=US, -Duser.language=en, -Duser.variant]
2025-01-21T15:01:03.446-0800 [INFO] [org.gradle.launcher.daemon.server.Daemon] start() called on daemon - DefaultDaemonContext[uid=32148e07-c3f3-4eea-8b6d-b22d17eaaa38,javaHome=/Applications/Android Studio.app/Contents/jbr/Contents/Home,javaVersion=21,daemonRegistryDir=/Users/tigerplayspc/Documents/CS/zoomana/CSC 436/Lab3/gradle/daemon,pid=3018,idleTimeout=10800000,priority=NORMAL,applyInstrumentationAgent=true,nativeServicesMode=ENABLED,daemonOpts=--add-exports=jdk.compiler/com.sun.tools.javac.util=ALL-UNNAMED,--add-opens=java.base/java.util.concurrent.atomic=ALL-UNNAMED,--add-opens=java.base/java.util=ALL-UNNAMED,--add-opens=java.base/java.lang=ALL-UNNAMED,--add-opens=java.base/java.lang.invoke=ALL-UNNAMED,--add-opens=java.prefs/java.util.prefs=ALL-UNNAMED,--add-exports=jdk.compiler/com.sun.tools.javac.api=ALL-UNNAMED,--add-exports=jdk.compiler/com.sun.tools.javac.util=ALL-UNNAMED,--add-opens=java.base/java.nio.charset=ALL-UNNAMED,--add-opens=java.base/java.net=ALL-UNNAMED,--add-opens=java.base/java.util.concurrent.atomic=ALL-UNNAMED,-Xmx2048m,-Dfile.encoding=UTF-8,-Duser.country=US,-Duser.language=en,-Duser.variant]
2025-01-21T15:01:03.479-0800 [DEBUG] [org.gradle.internal.remote.internal.inet.InetAddresses] Adding IP addresses for network interface utun3
2025-01-21T15:01:03.479-0800 [DEBUG] [org.gradle.internal.remote.internal.inet.InetAddresses] Is this a loopback interface? false
2025-01-21T15:01:03.479-0800 [DEBUG] [org.gradle.internal.remote.internal.inet.InetAddresses] Adding remote address /fe80:0:0:0:ce81:b1c:bd2c:69e%utun3
2025-01-21T15:01:03.480-0800 [DEBUG] [org.gradle.internal.remote.internal.inet.InetAddresses] Adding IP addresses for network interface utun2
2025-01-21T15:01:03.480-0800 [DEBUG] [org.gradle.internal.remote.internal.inet.InetAddresses] Is this a loopback interface? false
2025-01-21T15:01:03.480-0800 [DEBUG] [org.gradle.internal.remote.internal.inet.InetAddresses] Adding remote address /fe80:0:0:0:2802:7fda:61d6:9a35%utun2
2025-01-21T15:01:03.480-0800 [DEBUG] [org.gradle.internal.remote.internal.inet.InetAddresses] Adding IP addresses for network interface utun1
2025-01-21T15:01:03.480-0800 [DEBUG] [org.gradle.internal.remote.internal.inet.InetAddresses] Is this a loopback interface? false
2025-01-21T15:01:03.480-0800 [DEBUG] [org.gradle.internal.remote.internal.inet.InetAddresses] Adding remote address /fe80:0:0:0:20e5:4dd9:dd7f:d0f0%utun1
2025-01-21T15:01:03.480-0800 [DEBUG] [org.gradle.internal.remote.internal.inet.InetAddresses] Adding IP addresses for network interface llw0
2025-01-21T15:01:03.480-0800 [DEBUG] [org.gradle.internal.remote.internal.inet.InetAddresses] Is this a loopback interface? false
2025-01-21T15:01:03.480-0800 [DEBUG] [org.gradle.internal.remote.internal.inet.InetAddresses] Adding remote address /fe80:0:0:0:c8cd:54ff:fec0:54fc%llw0
2025-01-21T15:01:03.481-0800 [DEBUG] [org.gradle.internal.remote.internal.inet.InetAddresses] Adding IP addresses for network interface awdl0
2025-01-21T15:01:03.481-0800 [DEBUG] [org.gradle.internal.remote.internal.inet.InetAddresses] Is this a loopback interface? false
2025-01-21T15:01:03.481-0800 [DEBUG] [org.gradle.internal.remote.internal.inet.InetAddresses] Adding remote address /fe80:0:0:0:c8cd:54ff:fec0:54fc%awdl0
2025-01-21T15:01:03.481-0800 [DEBUG] [org.gradle.internal.remote.internal.inet.InetAddresses] Adding IP addresses for network interface utun0
2025-01-21T15:01:03.481-0800 [DEBUG] [org.gradle.internal.remote.internal.inet.InetAddresses] Is this a loopback interface? false
2025-01-21T15:01:03.481-0800 [DEBUG] [org.gradle.internal.remote.internal.inet.InetAddresses] Adding remote address /fe80:0:0:0:f4f1:a2aa:3703:963%utun0
2025-01-21T15:01:03.481-0800 [DEBUG] [org.gradle.internal.remote.internal.inet.InetAddresses] Adding IP addresses for network interface en0
2025-01-21T15:01:03.481-0800 [DEBUG] [org.gradle.internal.remote.internal.inet.InetAddresses] Is this a loopback interface? false
2025-01-21T15:01:03.481-0800 [DEBUG] [org.gradle.internal.remote.internal.inet.InetAddresses] Adding remote address /fe80:0:0:0:1066:add8:fa51:14d2%en0
2025-01-21T15:01:03.481-0800 [DEBUG] [org.gradle.internal.remote.internal.inet.InetAddresses] Adding remote address /10.144.47.3
2025-01-21T15:01:03.482-0800 [DEBUG] [org.gradle.internal.remote.internal.inet.InetAddresses] Adding IP addresses for network interface lo0
2025-01-21T15:01:03.482-0800 [DEBUG] [org.gradle.internal.remote.internal.inet.InetAddresses] Is this a loopback interface? true
2025-01-21T15:01:03.482-0800 [DEBUG] [org.gradle.internal.remote.internal.inet.InetAddresses] Ignoring remote address on loopback interface /fe80:0:0:0:0:0:0:1%lo0
2025-01-21T15:01:03.482-0800 [DEBUG] [org.gradle.internal.remote.internal.inet.InetAddresses] Adding loopback address /0:0:0:0:0:0:0:1%lo0
2025-01-21T15:01:03.482-0800 [DEBUG] [org.gradle.internal.remote.internal.inet.InetAddresses] Adding loopback address /127.0.0.1
2025-01-21T15:01:03.485-0800 [DEBUG] [org.gradle.internal.remote.internal.inet.TcpIncomingConnector] Listening on [adba01bd-627c-46e1-9b17-716f8819eb6e port:49858, addresses:[localhost/127.0.0.1]].
2025-01-21T15:01:03.488-0800 [DEBUG] [org.gradle.launcher.daemon.server.Daemon] Daemon starting at: Tue Jan 21 15:01:03 PST 2025, with address: [adba01bd-627c-46e1-9b17-716f8819eb6e port:49858, addresses:[localhost/127.0.0.1]]
2025-01-21T15:01:03.488-0800 [INFO] [org.gradle.launcher.daemon.server.DaemonRegistryUpdater] Advertising the daemon address to the clients: [adba01bd-627c-46e1-9b17-716f8819eb6e port:49858, addresses:[localhost/127.0.0.1]]
2025-01-21T15:01:03.488-0800 [DEBUG] [org.gradle.launcher.daemon.server.DaemonRegistryUpdater] Advertised daemon context: DefaultDaemonContext[uid=32148e07-c3f3-4eea-8b6d-b22d17eaaa38,javaHome=/Applications/Android Studio.app/Contents/jbr/Contents/Home,javaVersion=21,daemonRegistryDir=/Users/tigerplayspc/Documents/CS/zoomana/CSC 436/Lab3/gradle/daemon,pid=3018,idleTimeout=10800000,priority=NORMAL,applyInstrumentationAgent=true,nativeServicesMode=ENABLED,daemonOpts=--add-exports=jdk.compiler/com.sun.tools.javac.util=ALL-UNNAMED,--add-opens=java.base/java.util.concurrent.atomic=ALL-UNNAMED,--add-opens=java.base/java.util=ALL-UNNAMED,--add-opens=java.base/java.lang=ALL-UNNAMED,--add-opens=java.base/java.lang.invoke=ALL-UNNAMED,--add-opens=java.prefs/java.util.prefs=ALL-UNNAMED,--add-exports=jdk.compiler/com.sun.tools.javac.api=ALL-UNNAMED,--add-exports=jdk.compiler/com.sun.tools.javac.util=ALL-UNNAMED,--add-opens=java.base/java.nio.charset=ALL-UNNAMED,--add-opens=java.base/java.net=ALL-UNNAMED,--add-opens=java.base/java.util.concurrent.atomic=ALL-UNNAMED,-Xmx2048m,-Dfile.encoding=UTF-8,-Duser.country=US,-Duser.language=en,-Duser.variant]
2025-01-21T15:01:03.489-0800 [DEBUG] [org.gradle.launcher.daemon.registry.PersistentDaemonRegistry] Storing daemon address: [adba01bd-627c-46e1-9b17-716f8819eb6e port:49858, addresses:[localhost/127.0.0.1]], context: DefaultDaemonContext[uid=32148e07-c3f3-4eea-8b6d-b22d17eaaa38,javaHome=/Applications/Android Studio.app/Contents/jbr/Contents/Home,javaVersion=21,daemonRegistryDir=/Users/tigerplayspc/Documents/CS/zoomana/CSC 436/Lab3/gradle/daemon,pid=3018,idleTimeout=10800000,priority=NORMAL,applyInstrumentationAgent=true,nativeServicesMode=ENABLED,daemonOpts=--add-exports=jdk.compiler/com.sun.tools.javac.util=ALL-UNNAMED,--add-opens=java.base/java.util.concurrent.atomic=ALL-UNNAMED,--add-opens=java.base/java.util=ALL-UNNAMED,--add-opens=java.base/java.lang=ALL-UNNAMED,--add-opens=java.base/java.lang.invoke=ALL-UNNAMED,--add-opens=java.prefs/java.util.prefs=ALL-UNNAMED,--add-exports=jdk.compiler/com.sun.tools.javac.api=ALL-UNNAMED,--add-exports=jdk.compiler/com.sun.tools.javac.util=ALL-UNNAMED,--add-opens=java.base/java.nio.charset=ALL-UNNAMED,--add-opens=java.base/java.net=ALL-UNNAMED,--add-opens=java.base/java.util.concurrent.atomic=ALL-UNNAMED,-Xmx2048m,-Dfile.encoding=UTF-8,-Duser.country=US,-Duser.language=en,-Duser.variant]
2025-01-21T15:01:03.505-0800 [DEBUG] [org.gradle.cache.internal.DefaultFileLockManager] Waiting to acquire exclusive lock on daemon addresses registry.
2025-01-21T15:01:03.507-0800 [DEBUG] [org.gradle.cache.internal.DefaultFileLockManager] Lock acquired on daemon addresses registry.
2025-01-21T15:01:03.509-0800 [DEBUG] [org.gradle.cache.internal.DefaultFileLockManager] Releasing lock on daemon addresses registry.
2025-01-21T15:01:03.509-0800 [LIFECYCLE] [org.gradle.launcher.daemon.server.Daemon] Daemon server started.
2025-01-21T15:01:03.510-0800 [DEBUG] [org.gradle.launcher.daemon.bootstrap.DaemonStartupCommunication] Completed writing the daemon greeting. Closing streams...
2025-01-21T15:01:03.512-0800 [DEBUG] [org.gradle.internal.remote.internal.inet.TcpIncomingConnector] Accepted connection from /127.0.0.1:49859 to /127.0.0.1:49858.
2025-01-21T15:01:03.513-0800 [DEBUG] [org.gradle.launcher.daemon.server.Daemon] stopOnExpiration() called on daemon
2025-01-21T15:01:03.513-0800 [DEBUG] [org.gradle.launcher.daemon.server.Daemon] awaitExpiration() called on daemon
2025-01-21T15:01:03.513-0800 [DEBUG] [org.gradle.launcher.daemon.server.DaemonStateCoordinator] daemon is running. Sleeping until state changes.
2025-01-21T15:01:03.542-0800 [DEBUG] [org.gradle.launcher.daemon.server.SynchronizedDispatchConnection] thread 32: received class org.gradle.launcher.daemon.protocol.Build
2025-01-21T15:01:03.542-0800 [DEBUG] [org.gradle.launcher.daemon.server.DefaultDaemonConnection] thread 32: Received non-IO message from client: Build{id=00e30197-9b56-4907-ae04-7278ac8e8322, currentDir=/Users/tigerplayspc/Documents/CS/zoomana/CSC 436/Lab4}
2025-01-21T15:01:03.542-0800 [INFO] [org.gradle.launcher.daemon.server.DefaultIncomingConnectionHandler] Received command: Build{id=00e30197-9b56-4907-ae04-7278ac8e8322, currentDir=/Users/tigerplayspc/Documents/CS/zoomana/CSC 436/Lab4}.
2025-01-21T15:01:03.542-0800 [DEBUG] [org.gradle.launcher.daemon.server.DefaultIncomingConnectionHandler] Starting executing command: Build{id=00e30197-9b56-4907-ae04-7278ac8e8322, currentDir=/Users/tigerplayspc/Documents/CS/zoomana/CSC 436/Lab4} with connection: socket connection from /127.0.0.1:49858 to /127.0.0.1:49859.
2025-01-21T15:01:03.544-0800 [DEBUG] [org.gradle.launcher.daemon.server.DaemonStateCoordinator] Command execution: started DaemonCommandExecution[command = Build{id=00e30197-9b56-4907-ae04-7278ac8e8322, currentDir=/Users/tigerplayspc/Documents/CS/zoomana/CSC 436/Lab4}, connection = DefaultDaemonConnection: socket connection from /127.0.0.1:49858 to /127.0.0.1:49859] after 0.0013 minutes of idle
2025-01-21T15:01:03.544-0800 [INFO] [org.gradle.launcher.daemon.server.DaemonRegistryUpdater] Marking the daemon as busy, address: [adba01bd-627c-46e1-9b17-716f8819eb6e port:49858, addresses:[localhost/127.0.0.1]]
2025-01-21T15:01:03.544-0800 [DEBUG] [org.gradle.launcher.daemon.registry.PersistentDaemonRegistry] Marking busy by address: [adba01bd-627c-46e1-9b17-716f8819eb6e port:49858, addresses:[localhost/127.0.0.1]]
2025-01-21T15:01:03.544-0800 [DEBUG] [org.gradle.cache.internal.DefaultFileLockManager] Waiting to acquire exclusive lock on daemon addresses registry.
2025-01-21T15:01:03.544-0800 [DEBUG] [org.gradle.cache.internal.DefaultFileLockManager] Lock acquired on daemon addresses registry.
2025-01-21T15:01:03.545-0800 [DEBUG] [org.gradle.cache.internal.DefaultFileLockManager] Releasing lock on daemon addresses registry.
2025-01-21T15:01:03.545-0800 [DEBUG] [org.gradle.launcher.daemon.server.DaemonStateCoordinator] resetting idle timer
2025-01-21T15:01:03.545-0800 [DEBUG] [org.gradle.launcher.daemon.server.DaemonStateCoordinator] daemon is running. Sleeping until state changes.
2025-01-21T15:01:03.545-0800 [INFO] [org.gradle.launcher.daemon.server.exec.StartBuildOrRespondWithBusy] Daemon is about to start building Build{id=00e30197-9b56-4907-ae04-7278ac8e8322, currentDir=/Users/tigerplayspc/Documents/CS/zoomana/CSC 436/Lab4}. Dispatching build started information...
2025-01-21T15:01:03.546-0800 [DEBUG] [org.gradle.launcher.daemon.server.SynchronizedDispatchConnection] thread 34: dispatching org.gradle.launcher.daemon.protocol.BuildStarted@14c76832
2025-01-21T15:01:03.547-0800 [DEBUG] [org.gradle.launcher.daemon.server.exec.EstablishBuildEnvironment] Configuring env variables: [PATH, _P9K_SSH_TTY, HOMEBREW_PREFIX, COMMAND_MODE, SSH_AGENT_PID, YARN_HOME, HADOOP_HDFS_HOME, LOGNAME, HOMEBREW_REPOSITORY, HADOOP_MAPRED_HOME, XPC_SERVICE_NAME, HADOOP_COMMON_HOME, INFOPATH, HADOOP_INSTALL, __CFBundleIdentifier, SHELL, PAGER, LSCOLORS, HADOOP_OPTS, OLDPWD, HOMEBREW_CELLAR, USER, ZSH, P9K_SSH, TMPDIR, SSH_AUTH_SOCK, XPC_FLAGS, HADOOP_HOME, __CF_USER_TEXT_ENCODING, HADOOP_COMMON_LIB_NATIVE_DIR, LESS, LC_CTYPE, LS_COLORS, HOME]
2025-01-21T15:01:03.549-0800 [DEBUG] [org.gradle.launcher.daemon.server.exec.LogToClient] About to start relaying all logs to the client via the connection.
2025-01-21T15:01:03.549-0800 [INFO] [org.gradle.launcher.daemon.server.exec.LogToClient] The client will now receive all logging from the daemon (pid: 3018). The daemon log file: /Users/tigerplayspc/Documents/CS/zoomana/CSC 436/Lab3/gradle/daemon/8.9/daemon-3018.out.log
2025-01-21T15:01:03.550-0800 [INFO] [org.gradle.launcher.daemon.server.exec.LogAndCheckHealth] Starting build in new daemon [memory: 2 GiB]
2025-01-21T15:01:03.551-0800 [DEBUG] [org.gradle.launcher.daemon.server.exec.ExecuteBuild] The daemon has started executing the build.
2025-01-21T15:01:03.551-0800 [DEBUG] [org.gradle.launcher.daemon.server.exec.ExecuteBuild] Executing build with daemon context: DefaultDaemonContext[uid=32148e07-c3f3-4eea-8b6d-b22d17eaaa38,javaHome=/Applications/Android Studio.app/Contents/jbr/Contents/Home,javaVersion=21,daemonRegistryDir=/Users/tigerplayspc/Documents/CS/zoomana/CSC 436/Lab3/gradle/daemon,pid=3018,idleTimeout=10800000,priority=NORMAL,applyInstrumentationAgent=true,nativeServicesMode=ENABLED,daemonOpts=--add-exports=jdk.compiler/com.sun.tools.javac.util=ALL-UNNAMED,--add-opens=java.base/java.util.concurrent.atomic=ALL-UNNAMED,--add-opens=java.base/java.util=ALL-UNNAMED,--add-opens=java.base/java.lang=ALL-UNNAMED,--add-opens=java.base/java.lang.invoke=ALL-UNNAMED,--add-opens=java.prefs/java.util.prefs=ALL-UNNAMED,--add-exports=jdk.compiler/com.sun.tools.javac.api=ALL-UNNAMED,--add-exports=jdk.compiler/com.sun.tools.javac.util=ALL-UNNAMED,--add-opens=java.base/java.nio.charset=ALL-UNNAMED,--add-opens=java.base/java.net=ALL-UNNAMED,--add-opens=java.base/java.util.concurrent.atomic=ALL-UNNAMED,-Xmx2048m,-Dfile.encoding=UTF-8,-Duser.country=US,-Duser.language=en,-Duser.variant]

Deprecated Gradle features were used in this build, making it incompatible with Gradle 9.0.

You can use '--warning-mode all' to show the individual deprecation warnings and determine if they come from your own scripts or plugins.

For more on this, please refer to https://docs.gradle.org/8.9/userguide/command_line_interface.html#sec:command_line_warnings in the Gradle documentation.

BUILD SUCCESSFUL in 10s
2025-01-21T15:01:13.298-0800 [DEBUG] [org.gradle.launcher.daemon.server.exec.ExecuteBuild] The daemon has finished executing the build.
2025-01-21T15:01:13.311-0800 [DEBUG] [org.gradle.launcher.daemon.server.DaemonStateCoordinator] daemon is running. Sleeping until state changes.
2025-01-21T15:01:13.311-0800 [DEBUG] [org.gradle.launcher.daemon.server.DaemonStateCoordinator] Command execution: finished waiting for DaemonCommandExecution[command = Build{id=00e30197-9b56-4907-ae04-7278ac8e8322, currentDir=/Users/tigerplayspc/Documents/CS/zoomana/CSC 436/Lab4}, connection = DefaultDaemonConnection: socket connection from /127.0.0.1:49858 to /127.0.0.1:49859]. Result org.gradle.launcher.daemon.server.DaemonStateCoordinator@2e11e1d1 with state Busy
2025-01-21T15:01:13.311-0800 [DEBUG] [org.gradle.launcher.daemon.server.DaemonStateCoordinator] Command execution: completed DaemonCommandExecution[command = Build{id=00e30197-9b56-4907-ae04-7278ac8e8322, currentDir=/Users/tigerplayspc/Documents/CS/zoomana/CSC 436/Lab4}, connection = DefaultDaemonConnection: socket connection from /127.0.0.1:49858 to /127.0.0.1:49859]
2025-01-21T15:01:13.311-0800 [DEBUG] [org.gradle.launcher.daemon.server.DaemonStateCoordinator] resetting idle timer
2025-01-21T15:01:13.311-0800 [INFO] [org.gradle.launcher.daemon.server.DaemonRegistryUpdater] Marking the daemon as idle, address: [adba01bd-627c-46e1-9b17-716f8819eb6e port:49858, addresses:[localhost/127.0.0.1]]
2025-01-21T15:01:13.311-0800 [DEBUG] [org.gradle.launcher.daemon.registry.PersistentDaemonRegistry] Marking busy by address: [adba01bd-627c-46e1-9b17-716f8819eb6e port:49858, addresses:[localhost/127.0.0.1]]
2025-01-21T15:01:13.311-0800 [DEBUG] [org.gradle.cache.internal.DefaultFileLockManager] Waiting to acquire exclusive lock on daemon addresses registry.
2025-01-21T15:01:13.311-0800 [DEBUG] [org.gradle.cache.internal.DefaultFileLockManager] Lock acquired on daemon addresses registry.
2025-01-21T15:01:13.312-0800 [DEBUG] [org.gradle.cache.internal.DefaultFileLockManager] Releasing lock on daemon addresses registry.
2025-01-21T15:01:13.312-0800 [DEBUG] [org.gradle.launcher.daemon.server.DaemonStateCoordinator] daemon is running. Sleeping until state changes.
2025-01-21T15:01:13.312-0800 [DEBUG] [org.gradle.launcher.daemon.server.exec.ReturnResult] Daemon is dispatching the build result: Success[value=org.gradle.launcher.exec.BuildActionResult@c3b3b53]
2025-01-21T15:01:13.312-0800 [DEBUG] [org.gradle.launcher.daemon.server.SynchronizedDispatchConnection] thread 31: dispatching Success[value=org.gradle.launcher.exec.BuildActionResult@c3b3b53]
2025-01-21T15:01:13.313-0800 [DEBUG] [org.gradle.launcher.daemon.server.SynchronizedDispatchConnection] thread 32: received class org.gradle.launcher.daemon.protocol.CloseInput
2025-01-21T15:01:13.313-0800 [DEBUG] [org.gradle.launcher.daemon.server.DefaultDaemonConnection] thread 32: Received IO message from client: org.gradle.launcher.daemon.protocol.CloseInput@33cb9f8f
2025-01-21T15:01:13.313-0800 [DEBUG] [org.gradle.launcher.daemon.server.SynchronizedDispatchConnection] thread 32: received class org.gradle.launcher.daemon.protocol.Finished
2025-01-21T15:01:13.313-0800 [DEBUG] [org.gradle.launcher.daemon.server.DefaultDaemonConnection] thread 32: Received non-IO message from client: org.gradle.launcher.daemon.protocol.Finished@2bb4c985
2025-01-21T15:01:13.313-0800 [DEBUG] [org.gradle.launcher.daemon.server.exec.CleanUpVirtualFileSystemAfterBuild] Cleaning virtual file system after build finished
2025-01-21T15:01:13.313-0800 [DEBUG] [org.gradle.internal.remote.internal.inet.SocketConnection] Discarding EOFException: java.io.EOFException
2025-01-21T15:01:13.313-0800 [DEBUG] [org.gradle.launcher.daemon.server.DefaultIncomingConnectionHandler] Finishing executing command: Build{id=00e30197-9b56-4907-ae04-7278ac8e8322, currentDir=/Users/tigerplayspc/Documents/CS/zoomana/CSC 436/Lab4}
2025-01-21T15:01:13.314-0800 [DEBUG] [org.gradle.launcher.daemon.server.SynchronizedDispatchConnection] thread 32: received null
2025-01-21T15:01:13.314-0800 [DEBUG] [org.gradle.launcher.daemon.server.DefaultIncomingConnectionHandler] Received finished message: org.gradle.launcher.daemon.protocol.Finished@2bb4c985
2025-01-21T15:01:13.314-0800 [DEBUG] [org.gradle.launcher.daemon.server.SynchronizedDispatchConnection] thread 31: stopping connection
2025-01-21T15:01:13.314-0800 [DEBUG] [org.gradle.launcher.daemon.server.DefaultDaemonConnection] thread 32: Received end-of-input from client.
2025-01-21T15:01:13.318-0800 [DEBUG] [org.gradle.launcher.daemon.server.SynchronizedDispatchConnection] thread 31: stopping connection
2025-01-21T15:01:13.515-0800 [DEBUG] [org.gradle.cache.internal.DefaultFileLockManager] Waiting to acquire shared lock on daemon addresses registry.
2025-01-21T15:01:13.515-0800 [DEBUG] [org.gradle.cache.internal.DefaultFileLockManager] Lock acquired on daemon addresses registry.
2025-01-21T15:01:13.515-0800 [DEBUG] [org.gradle.cache.internal.DefaultFileLockManager] Releasing lock on daemon addresses registry.
2025-01-21T15:01:13.516-0800 [DEBUG] [org.gradle.cache.internal.DefaultFileLockManager] Waiting to acquire shared lock on daemon addresses registry.
2025-01-21T15:01:13.516-0800 [DEBUG] [org.gradle.cache.internal.DefaultFileLockManager] Lock acquired on daemon addresses registry.
2025-01-21T15:01:13.516-0800 [DEBUG] [org.gradle.cache.internal.DefaultFileLockManager] Releasing lock on daemon addresses registry.
2025-01-21T15:01:23.514-0800 [DEBUG] [org.gradle.cache.internal.DefaultFileLockManager] Waiting to acquire shared lock on daemon addresses registry.
2025-01-21T15:01:23.515-0800 [DEBUG] [org.gradle.cache.internal.DefaultFileLockManager] Lock acquired on daemon addresses registry.
2025-01-21T15:01:23.515-0800 [DEBUG] [org.gradle.cache.internal.DefaultFileLockManager] Releasing lock on daemon addresses registry.
2025-01-21T15:01:23.516-0800 [DEBUG] [org.gradle.cache.internal.DefaultFileLockManager] Waiting to acquire shared lock on daemon addresses registry.
2025-01-21T15:01:23.516-0800 [DEBUG] [org.gradle.cache.internal.DefaultFileLockManager] Lock acquired on daemon addresses registry.
2025-01-21T15:01:23.517-0800 [DEBUG] [org.gradle.cache.internal.DefaultFileLockManager] Releasing lock on daemon addresses registry.
2025-01-21T15:01:23.517-0800 [DEBUG] [org.gradle.cache.internal.DefaultFileLockManager] Waiting to acquire shared lock on daemon addresses registry.
2025-01-21T15:01:23.517-0800 [DEBUG] [org.gradle.cache.internal.DefaultFileLockManager] Lock acquired on daemon addresses registry.
2025-01-21T15:01:23.518-0800 [DEBUG] [org.gradle.cache.internal.DefaultFileLockManager] Releasing lock on daemon addresses registry.
2025-01-21T15:01:31.589-0800 [DEBUG] [org.gradle.cache.internal.LockOnDemandCrossProcessCacheAccess] Lock on Generated Gradle JARs cache (/Users/tigerplayspc/Documents/CS/zoomana/CSC 436/Lab3/gradle/caches/8.9/generated-gradle-jars) requested by another process - releasing lock.
2025-01-21T15:01:31.589-0800 [DEBUG] [org.gradle.cache.internal.LockOnDemandCrossProcessCacheAccess] Releasing file lock for Generated Gradle JARs cache (/Users/tigerplayspc/Documents/CS/zoomana/CSC 436/Lab3/gradle/caches/8.9/generated-gradle-jars)
2025-01-21T15:01:31.589-0800 [DEBUG] [org.gradle.cache.internal.DefaultFileLockManager] Releasing lock on Generated Gradle JARs cache (/Users/tigerplayspc/Documents/CS/zoomana/CSC 436/Lab3/gradle/caches/8.9/generated-gradle-jars).
2025-01-21T15:01:31.589-0800 [DEBUG] [org.gradle.cache.internal.locklistener.FileLockCommunicator] Confirming lock release to Gradle process at port 58045 for lock with id 7920894574717177243.
2025-01-21T15:01:31.590-0800 [DEBUG] [org.gradle.cache.internal.locklistener.FileLockCommunicator] Confirming lock release to Gradle process at port 58045 for lock with id 7920894574717177243.
2025-01-21T15:01:31.592-0800 [DEBUG] [org.gradle.cache.internal.LockOnDemandCrossProcessCacheAccess] Lock on file hash cache (/Users/tigerplayspc/Documents/CS/zoomana/CSC 436/Lab3/gradle/caches/8.9/fileHashes) requested by another process - releasing lock.
2025-01-21T15:01:31.592-0800 [DEBUG] [org.gradle.cache.internal.LockOnDemandCrossProcessCacheAccess] Releasing file lock for file hash cache (/Users/tigerplayspc/Documents/CS/zoomana/CSC 436/Lab3/gradle/caches/8.9/fileHashes)
2025-01-21T15:01:31.593-0800 [DEBUG] [org.gradle.cache.internal.btree.BTreePersistentIndexedCache] Closing cache fileHashes.bin (/Users/tigerplayspc/Documents/CS/zoomana/CSC 436/Lab3/gradle/caches/8.9/fileHashes/fileHashes.bin)
2025-01-21T15:01:31.593-0800 [DEBUG] [org.gradle.cache.internal.btree.BTreePersistentIndexedCache] Closing cache resourceHashesCache.bin (/Users/tigerplayspc/Documents/CS/zoomana/CSC 436/Lab3/gradle/caches/8.9/fileHashes/resourceHashesCache.bin)
2025-01-21T15:01:31.593-0800 [DEBUG] [org.gradle.cache.internal.DefaultFileLockManager] Releasing lock on file hash cache (/Users/tigerplayspc/Documents/CS/zoomana/CSC 436/Lab3/gradle/caches/8.9/fileHashes).
2025-01-21T15:01:31.593-0800 [DEBUG] [org.gradle.cache.internal.locklistener.FileLockCommunicator] Confirming lock release to Gradle process at port 58045 for lock with id -430806996316613438.
2025-01-21T15:01:31.593-0800 [DEBUG] [org.gradle.cache.internal.locklistener.FileLockCommunicator] Confirming lock release to Gradle process at port 58045 for lock with id -430806996316613438.
2025-01-21T15:01:31.615-0800 [DEBUG] [org.gradle.cache.internal.LockOnDemandCrossProcessCacheAccess] Lock on journal cache (/Users/tigerplayspc/Documents/CS/zoomana/CSC 436/Lab3/gradle/caches/journal-1) requested by another process - releasing lock.
2025-01-21T15:01:31.616-0800 [DEBUG] [org.gradle.cache.internal.LockOnDemandCrossProcessCacheAccess] Releasing file lock for journal cache (/Users/tigerplayspc/Documents/CS/zoomana/CSC 436/Lab3/gradle/caches/journal-1)
2025-01-21T15:01:31.616-0800 [DEBUG] [org.gradle.cache.internal.btree.BTreePersistentIndexedCache] Closing cache file-access.bin (/Users/tigerplayspc/Documents/CS/zoomana/CSC 436/Lab3/gradle/caches/journal-1/file-access.bin)
2025-01-21T15:01:31.616-0800 [DEBUG] [org.gradle.cache.internal.DefaultFileLockManager] Releasing lock on journal cache (/Users/tigerplayspc/Documents/CS/zoomana/CSC 436/Lab3/gradle/caches/journal-1).
2025-01-21T15:01:31.616-0800 [DEBUG] [org.gradle.cache.internal.locklistener.FileLockCommunicator] Confirming lock release to Gradle process at port 58045 for lock with id 1375836797002245352.
2025-01-21T15:01:31.616-0800 [DEBUG] [org.gradle.cache.internal.locklistener.FileLockCommunicator] Confirming lock release to Gradle process at port 58045 for lock with id 1375836797002245352.
2025-01-21T15:01:31.646-0800 [DEBUG] [org.gradle.cache.internal.LockOnDemandCrossProcessCacheAccess] Lock on artifact cache (/Users/tigerplayspc/Documents/CS/zoomana/CSC 436/Lab3/gradle/caches/modules-2) requested by another process - releasing lock.
2025-01-21T15:01:31.646-0800 [DEBUG] [org.gradle.cache.internal.LockOnDemandCrossProcessCacheAccess] Releasing file lock for artifact cache (/Users/tigerplayspc/Documents/CS/zoomana/CSC 436/Lab3/gradle/caches/modules-2)
2025-01-21T15:01:31.646-0800 [DEBUG] [org.gradle.cache.internal.btree.BTreePersistentIndexedCache] Closing cache module-artifact.bin (/Users/tigerplayspc/Documents/CS/zoomana/CSC 436/Lab3/gradle/caches/modules-2/metadata-2.106/module-artifact.bin)
2025-01-21T15:01:31.646-0800 [DEBUG] [org.gradle.cache.internal.btree.BTreePersistentIndexedCache] Closing cache module-metadata.bin (/Users/tigerplayspc/Documents/CS/zoomana/CSC 436/Lab3/gradle/caches/modules-2/metadata-2.106/module-metadata.bin)
2025-01-21T15:01:31.646-0800 [DEBUG] [org.gradle.cache.internal.btree.BTreePersistentIndexedCache] Closing cache module-artifacts.bin (/Users/tigerplayspc/Documents/CS/zoomana/CSC 436/Lab3/gradle/caches/modules-2/metadata-2.106/module-artifacts.bin)
2025-01-21T15:01:31.646-0800 [DEBUG] [org.gradle.cache.internal.DefaultFileLockManager] Releasing lock on artifact cache (/Users/tigerplayspc/Documents/CS/zoomana/CSC 436/Lab3/gradle/caches/modules-2).
2025-01-21T15:01:31.646-0800 [DEBUG] [org.gradle.cache.internal.locklistener.FileLockCommunicator] Confirming lock release to Gradle process at port 58045 for lock with id 8914026227424783120.
2025-01-21T15:01:31.646-0800 [DEBUG] [org.gradle.cache.internal.locklistener.FileLockCommunicator] Confirming lock release to Gradle process at port 58045 for lock with id 8914026227424783120.
2025-01-21T15:01:33.514-0800 [DEBUG] [org.gradle.cache.internal.DefaultFileLockManager] Waiting to acquire shared lock on daemon addresses registry.
2025-01-21T15:01:33.514-0800 [DEBUG] [org.gradle.cache.internal.DefaultFileLockManager] Lock acquired on daemon addresses registry.
2025-01-21T15:01:33.515-0800 [DEBUG] [org.gradle.cache.internal.DefaultFileLockManager] Releasing lock on daemon addresses registry.
2025-01-21T15:01:33.522-0800 [DEBUG] [org.gradle.cache.internal.DefaultFileLockManager] Waiting to acquire shared lock on daemon addresses registry.
2025-01-21T15:01:33.523-0800 [DEBUG] [org.gradle.cache.internal.DefaultFileLockManager] Lock acquired on daemon addresses registry.
2025-01-21T15:01:33.523-0800 [DEBUG] [org.gradle.cache.internal.DefaultFileLockManager] Releasing lock on daemon addresses registry.
2025-01-21T15:01:33.524-0800 [DEBUG] [org.gradle.cache.internal.DefaultFileLockManager] Waiting to acquire shared lock on daemon addresses registry.
2025-01-21T15:01:33.524-0800 [DEBUG] [org.gradle.cache.internal.DefaultFileLockManager] Lock acquired on daemon addresses registry.
2025-01-21T15:01:33.524-0800 [DEBUG] [org.gradle.cache.internal.DefaultFileLockManager] Releasing lock on daemon addresses registry.
2025-01-21T15:01:43.518-0800 [DEBUG] [org.gradle.cache.internal.DefaultFileLockManager] Waiting to acquire shared lock on daemon addresses registry.
2025-01-21T15:01:43.519-0800 [DEBUG] [org.gradle.cache.internal.DefaultFileLockManager] Lock acquired on daemon addresses registry.
2025-01-21T15:01:43.520-0800 [DEBUG] [org.gradle.cache.internal.DefaultFileLockManager] Releasing lock on daemon addresses registry.
2025-01-21T15:01:43.521-0800 [DEBUG] [org.gradle.cache.internal.DefaultFileLockManager] Waiting to acquire shared lock on daemon addresses registry.
2025-01-21T15:01:43.521-0800 [DEBUG] [org.gradle.cache.internal.DefaultFileLockManager] Lock acquired on daemon addresses registry.
2025-01-21T15:01:43.521-0800 [DEBUG] [org.gradle.cache.internal.DefaultFileLockManager] Releasing lock on daemon addresses registry.
2025-01-21T15:01:43.521-0800 [DEBUG] [org.gradle.cache.internal.DefaultFileLockManager] Waiting to acquire shared lock on daemon addresses registry.
2025-01-21T15:01:43.522-0800 [DEBUG] [org.gradle.cache.internal.DefaultFileLockManager] Lock acquired on daemon addresses registry.
2025-01-21T15:01:43.522-0800 [DEBUG] [org.gradle.cache.internal.DefaultFileLockManager] Releasing lock on daemon addresses registry.
2025-01-21T15:01:53.518-0800 [DEBUG] [org.gradle.cache.internal.DefaultFileLockManager] Waiting to acquire shared lock on daemon addresses registry.
2025-01-21T15:01:53.529-0800 [DEBUG] [org.gradle.cache.internal.DefaultFileLockManager] Lock acquired on daemon addresses registry.
2025-01-21T15:01:53.530-0800 [DEBUG] [org.gradle.cache.internal.DefaultFileLockManager] Releasing lock on daemon addresses registry.
2025-01-21T15:01:53.533-0800 [DEBUG] [org.gradle.cache.internal.DefaultFileLockManager] Waiting to acquire shared lock on daemon addresses registry.
2025-01-21T15:01:53.533-0800 [DEBUG] [org.gradle.cache.internal.DefaultFileLockManager] Lock acquired on daemon addresses registry.
2025-01-21T15:01:53.533-0800 [DEBUG] [org.gradle.cache.internal.DefaultFileLockManager] Releasing lock on daemon addresses registry.
2025-01-21T15:01:53.533-0800 [DEBUG] [org.gradle.cache.internal.DefaultFileLockManager] Waiting to acquire shared lock on daemon addresses registry.
2025-01-21T15:01:53.534-0800 [DEBUG] [org.gradle.cache.internal.DefaultFileLockManager] Lock acquired on daemon addresses registry.
2025-01-21T15:01:53.534-0800 [DEBUG] [org.gradle.cache.internal.DefaultFileLockManager] Releasing lock on daemon addresses registry.
2025-01-21T15:02:03.517-0800 [DEBUG] [org.gradle.cache.internal.DefaultFileLockManager] Waiting to acquire shared lock on daemon addresses registry.
2025-01-21T15:02:03.519-0800 [DEBUG] [org.gradle.cache.internal.DefaultFileLockManager] Lock acquired on daemon addresses registry.
2025-01-21T15:02:03.521-0800 [DEBUG] [org.gradle.cache.internal.DefaultFileLockManager] Releasing lock on daemon addresses registry.
2025-01-21T15:02:03.525-0800 [DEBUG] [org.gradle.cache.internal.DefaultFileLockManager] Waiting to acquire shared lock on daemon addresses registry.
2025-01-21T15:02:03.526-0800 [DEBUG] [org.gradle.cache.internal.DefaultFileLockManager] Lock acquired on daemon addresses registry.
2025-01-21T15:02:03.526-0800 [DEBUG] [org.gradle.cache.internal.DefaultFileLockManager] Releasing lock on daemon addresses registry.
2025-01-21T15:02:03.528-0800 [DEBUG] [org.gradle.cache.internal.DefaultFileLockManager] Waiting to acquire shared lock on daemon addresses registry.
2025-01-21T15:02:03.528-0800 [DEBUG] [org.gradle.cache.internal.DefaultFileLockManager] Lock acquired on daemon addresses registry.
2025-01-21T15:02:03.528-0800 [DEBUG] [org.gradle.cache.internal.DefaultFileLockManager] Releasing lock on daemon addresses registry.
2025-01-21T15:02:13.515-0800 [DEBUG] [org.gradle.cache.internal.DefaultFileLockManager] Waiting to acquire shared lock on daemon addresses registry.
2025-01-21T15:02:13.517-0800 [DEBUG] [org.gradle.cache.internal.DefaultFileLockManager] Lock acquired on daemon addresses registry.
2025-01-21T15:02:13.517-0800 [DEBUG] [org.gradle.cache.internal.DefaultFileLockManager] Releasing lock on daemon addresses registry.
2025-01-21T15:02:13.518-0800 [DEBUG] [org.gradle.cache.internal.DefaultFileLockManager] Waiting to acquire shared lock on daemon addresses registry.
2025-01-21T15:02:13.518-0800 [DEBUG] [org.gradle.cache.internal.DefaultFileLockManager] Lock acquired on daemon addresses registry.
2025-01-21T15:02:13.518-0800 [DEBUG] [org.gradle.cache.internal.DefaultFileLockManager] Releasing lock on daemon addresses registry.
2025-01-21T15:02:13.519-0800 [DEBUG] [org.gradle.cache.internal.DefaultFileLockManager] Waiting to acquire shared lock on daemon addresses registry.
2025-01-21T15:02:13.519-0800 [DEBUG] [org.gradle.cache.internal.DefaultFileLockManager] Lock acquired on daemon addresses registry.
2025-01-21T15:02:13.519-0800 [DEBUG] [org.gradle.cache.internal.DefaultFileLockManager] Releasing lock on daemon addresses registry.
2025-01-21T15:02:23.517-0800 [DEBUG] [org.gradle.cache.internal.DefaultFileLockManager] Waiting to acquire shared lock on daemon addresses registry.
2025-01-21T15:02:23.517-0800 [DEBUG] [org.gradle.cache.internal.DefaultFileLockManager] Lock acquired on daemon addresses registry.
2025-01-21T15:02:23.518-0800 [DEBUG] [org.gradle.cache.internal.DefaultFileLockManager] Releasing lock on daemon addresses registry.
2025-01-21T15:02:23.518-0800 [DEBUG] [org.gradle.cache.internal.DefaultFileLockManager] Waiting to acquire shared lock on daemon addresses registry.
2025-01-21T15:02:23.518-0800 [DEBUG] [org.gradle.cache.internal.DefaultFileLockManager] Lock acquired on daemon addresses registry.
2025-01-21T15:02:23.518-0800 [DEBUG] [org.gradle.cache.internal.DefaultFileLockManager] Releasing lock on daemon addresses registry.
2025-01-21T15:02:23.518-0800 [DEBUG] [org.gradle.cache.internal.DefaultFileLockManager] Waiting to acquire shared lock on daemon addresses registry.
2025-01-21T15:02:23.518-0800 [DEBUG] [org.gradle.cache.internal.DefaultFileLockManager] Lock acquired on daemon addresses registry.
2025-01-21T15:02:23.518-0800 [DEBUG] [org.gradle.cache.internal.DefaultFileLockManager] Releasing lock on daemon addresses registry.
2025-01-21T15:02:33.520-0800 [DEBUG] [org.gradle.cache.internal.DefaultFileLockManager] Waiting to acquire shared lock on daemon addresses registry.
2025-01-21T15:02:33.525-0800 [DEBUG] [org.gradle.cache.internal.DefaultFileLockManager] Lock acquired on daemon addresses registry.
2025-01-21T15:02:33.526-0800 [DEBUG] [org.gradle.cache.internal.DefaultFileLockManager] Releasing lock on daemon addresses registry.
2025-01-21T15:02:33.528-0800 [DEBUG] [org.gradle.cache.internal.DefaultFileLockManager] Waiting to acquire shared lock on daemon addresses registry.
2025-01-21T15:02:33.529-0800 [DEBUG] [org.gradle.cache.internal.DefaultFileLockManager] Lock acquired on daemon addresses registry.
2025-01-21T15:02:33.529-0800 [DEBUG] [org.gradle.cache.internal.DefaultFileLockManager] Releasing lock on daemon addresses registry.
2025-01-21T15:02:33.530-0800 [DEBUG] [org.gradle.cache.internal.DefaultFileLockManager] Waiting to acquire shared lock on daemon addresses registry.
2025-01-21T15:02:33.530-0800 [DEBUG] [org.gradle.cache.internal.DefaultFileLockManager] Lock acquired on daemon addresses registry.
2025-01-21T15:02:33.530-0800 [DEBUG] [org.gradle.cache.internal.DefaultFileLockManager] Releasing lock on daemon addresses registry.
2025-01-21T15:02:36.624-0800 [DEBUG] [org.gradle.internal.remote.internal.inet.TcpIncomingConnector] Accepted connection from /127.0.0.1:50057 to /127.0.0.1:49858.
2025-01-21T15:02:36.630-0800 [DEBUG] [org.gradle.launcher.daemon.server.SynchronizedDispatchConnection] thread 156: received class org.gradle.launcher.daemon.protocol.StopWhenIdle
2025-01-21T15:02:36.631-0800 [DEBUG] [org.gradle.launcher.daemon.server.DefaultDaemonConnection] thread 156: Received non-IO message from client: StopWhenIdle[id=6ea991d4-0332-4bd9-a9d9-e3d6c0b6e24f]
2025-01-21T15:02:36.631-0800 [INFO] [org.gradle.launcher.daemon.server.DefaultIncomingConnectionHandler] Received command: StopWhenIdle[id=6ea991d4-0332-4bd9-a9d9-e3d6c0b6e24f].
2025-01-21T15:02:36.631-0800 [DEBUG] [org.gradle.launcher.daemon.server.DefaultIncomingConnectionHandler] Starting executing command: StopWhenIdle[id=6ea991d4-0332-4bd9-a9d9-e3d6c0b6e24f] with connection: socket connection from /127.0.0.1:49858 to /127.0.0.1:50057.
2025-01-21T15:02:36.632-0800 [DEBUG] [org.gradle.launcher.daemon.server.DaemonRegistryUpdater] Storing daemon stop event: stop command received
2025-01-21T15:02:36.637-0800 [DEBUG] [org.gradle.launcher.daemon.registry.PersistentDaemonRegistry] Storing daemon stop event with timestamp 1737500556632
2025-01-21T15:02:36.638-0800 [DEBUG] [org.gradle.cache.internal.DefaultFileLockManager] Waiting to acquire exclusive lock on daemon addresses registry.
2025-01-21T15:02:36.638-0800 [DEBUG] [org.gradle.cache.internal.DefaultFileLockManager] Lock acquired on daemon addresses registry.
2025-01-21T15:02:36.638-0800 [DEBUG] [org.gradle.cache.internal.DefaultFileLockManager] Releasing lock on daemon addresses registry.
2025-01-21T15:02:36.639-0800 [LIFECYCLE] [org.gradle.launcher.daemon.server.DaemonStateCoordinator] Daemon will be stopped at the end of the build stop command received
2025-01-21T15:02:36.639-0800 [DEBUG] [org.gradle.launcher.daemon.server.DaemonStateCoordinator] Marking daemon stopped due to stop command received. The daemon is not running a build
2025-01-21T15:02:36.639-0800 [DEBUG] [org.gradle.launcher.daemon.server.DaemonStateCoordinator] daemon has stopped.
2025-01-21T15:02:36.639-0800 [DEBUG] [org.gradle.launcher.daemon.server.SynchronizedDispatchConnection] thread 155: dispatching Success[value=null]
2025-01-21T15:02:36.640-0800 [DEBUG] [org.gradle.launcher.daemon.server.DefaultIncomingConnectionHandler] Finishing executing command: StopWhenIdle[id=6ea991d4-0332-4bd9-a9d9-e3d6c0b6e24f]
2025-01-21T15:02:36.640-0800 [DEBUG] [org.gradle.launcher.daemon.server.SynchronizedDispatchConnection] thread 156: received class org.gradle.launcher.daemon.protocol.Finished
2025-01-21T15:02:36.640-0800 [DEBUG] [org.gradle.launcher.daemon.server.DefaultDaemonConnection] thread 156: Received non-IO message from client: org.gradle.launcher.daemon.protocol.Finished@29dd56a2
2025-01-21T15:02:36.640-0800 [DEBUG] [org.gradle.launcher.daemon.server.Daemon] stop() called on daemon
2025-01-21T15:02:36.641-0800 [DEBUG] [org.gradle.internal.remote.internal.inet.SocketConnection] Discarding EOFException: java.io.EOFException
2025-01-21T15:02:36.641-0800 [DEBUG] [org.gradle.launcher.daemon.server.DefaultIncomingConnectionHandler] Received finished message: org.gradle.launcher.daemon.protocol.Finished@29dd56a2
2025-01-21T15:02:36.641-0800 [DEBUG] [org.gradle.launcher.daemon.server.SynchronizedDispatchConnection] thread 156: received null
2025-01-21T15:02:36.641-0800 [INFO] [org.gradle.launcher.daemon.server.Daemon] Stop requested. Daemon is removing its presence from the registry...
2025-01-21T15:02:36.641-0800 [DEBUG] [org.gradle.launcher.daemon.server.DefaultDaemonConnection] thread 156: Received end-of-input from client.
2025-01-21T15:02:36.642-0800 [DEBUG] [org.gradle.launcher.daemon.server.DaemonRegistryUpdater] Removing our presence to clients, eg. removing this address from the registry: [adba01bd-627c-46e1-9b17-716f8819eb6e port:49858, addresses:[localhost/127.0.0.1]]
2025-01-21T15:02:36.641-0800 [DEBUG] [org.gradle.launcher.daemon.server.SynchronizedDispatchConnection] thread 155: stopping connection
2025-01-21T15:02:36.642-0800 [DEBUG] [org.gradle.launcher.daemon.registry.PersistentDaemonRegistry] Removing daemon address: [adba01bd-627c-46e1-9b17-716f8819eb6e port:49858, addresses:[localhost/127.0.0.1]]
2025-01-21T15:02:36.643-0800 [DEBUG] [org.gradle.launcher.daemon.server.SynchronizedDispatchConnection] thread 155: stopping connection
2025-01-21T15:02:36.643-0800 [DEBUG] [org.gradle.cache.internal.DefaultFileLockManager] Waiting to acquire exclusive lock on daemon addresses registry.
2025-01-21T15:02:36.644-0800 [DEBUG] [org.gradle.cache.internal.DefaultFileLockManager] Lock acquired on daemon addresses registry.
2025-01-21T15:02:36.644-0800 [DEBUG] [org.gradle.cache.internal.DefaultFileLockManager] Releasing lock on daemon addresses registry.
2025-01-21T15:02:36.644-0800 [DEBUG] [org.gradle.launcher.daemon.server.DaemonRegistryUpdater] Address removed from registry.
2025-01-21T15:02:36.652-0800 [DEBUG] [org.gradle.cache.internal.LockOnDemandCrossProcessCacheAccess] Releasing file lock for jars (/Users/tigerplayspc/Documents/CS/zoomana/CSC 436/Lab3/gradle/caches/jars-9)
2025-01-21T15:02:36.653-0800 [DEBUG] [org.gradle.cache.internal.DefaultFileLockManager] Releasing lock on jars (/Users/tigerplayspc/Documents/CS/zoomana/CSC 436/Lab3/gradle/caches/jars-9).
2025-01-21T15:02:36.653-0800 [DEBUG] [org.gradle.cache.internal.DefaultCacheCleanupExecutor] jars (/Users/tigerplayspc/Documents/CS/zoomana/CSC 436/Lab3/gradle/caches/jars-9) has last been fully cleaned up 0 hours ago
2025-01-21T15:02:36.654-0800 [DEBUG] [org.gradle.cache.internal.DefaultCacheCleanupExecutor] Skipping cleanup for jars (/Users/tigerplayspc/Documents/CS/zoomana/CSC 436/Lab3/gradle/caches/jars-9) as it is not yet due
2025-01-21T15:02:36.656-0800 [DEBUG] [org.gradle.cache.internal.LockOnDemandCrossProcessCacheAccess] Releasing file lock for file content cache (/Users/tigerplayspc/Documents/CS/zoomana/CSC 436/Lab3/gradle/caches/8.9/fileContent)
2025-01-21T15:02:36.656-0800 [DEBUG] [org.gradle.cache.internal.DefaultFileLockManager] Releasing lock on file content cache (/Users/tigerplayspc/Documents/CS/zoomana/CSC 436/Lab3/gradle/caches/8.9/fileContent).
2025-01-21T15:02:36.657-0800 [DEBUG] [org.gradle.internal.watch.vfs.impl.WatchingVirtualFileSystem] Closing VFS, dropping state
2025-01-21T15:02:36.659-0800 [DEBUG] [org.gradle.internal.watch.registry.impl.DefaultFileWatcherRegistry] Finished listening to file system change events
2025-01-21T15:02:36.659-0800 [DEBUG] [org.gradle.cache.internal.DefaultCacheCleanupExecutor] artifact cache (/Users/tigerplayspc/Documents/CS/zoomana/CSC 436/Lab3/gradle/caches/modules-2) has last been fully cleaned up 97 hours ago
2025-01-21T15:02:36.661-0800 [DEBUG] [org.gradle.internal.operations.DefaultBuildOperationRunner] Build operation 'Clean up artifact cache (/Users/tigerplayspc/Documents/CS/zoomana/CSC 436/Lab3/gradle/caches/modules-2)' started
2025-01-21T15:02:36.675-0800 [INFO] [org.gradle.cache.internal.AbstractCacheCleanup] artifact cache (/Users/tigerplayspc/Documents/CS/zoomana/CSC 436/Lab3/gradle/caches/modules-2) cleanup deleted 0 files/directories.
2025-01-21T15:02:36.676-0800 [INFO] [org.gradle.cache.internal.AbstractCacheCleanup] artifact cache (/Users/tigerplayspc/Documents/CS/zoomana/CSC 436/Lab3/gradle/caches/modules-2) [subdir: /Users/tigerplayspc/Documents/CS/zoomana/CSC 436/Lab3/gradle/caches/modules-2/resources-2.1] cleanup deleted 0 files/directories.
2025-01-21T15:02:36.677-0800 [INFO] [org.gradle.cache.internal.LeastRecentlyUsedCacheCleanup] artifact cache (/Users/tigerplayspc/Documents/CS/zoomana/CSC 436/Lab3/gradle/caches/modules-2) [subdir: /Users/tigerplayspc/Documents/CS/zoomana/CSC 436/Lab3/gradle/caches/modules-2/resources-2.1] removing files not accessed on or after Sun Dec 22 15:01:05 PST 2024.
2025-01-21T15:02:36.678-0800 [INFO] [org.gradle.cache.internal.AbstractCacheCleanup] artifact cache (/Users/tigerplayspc/Documents/CS/zoomana/CSC 436/Lab3/gradle/caches/modules-2) [subdir: /Users/tigerplayspc/Documents/CS/zoomana/CSC 436/Lab3/gradle/caches/modules-2/resources-2.1] cleanup deleted 0 files/directories.
2025-01-21T15:02:36.678-0800 [INFO] [org.gradle.cache.internal.AbstractCacheCleanup] artifact cache (/Users/tigerplayspc/Documents/CS/zoomana/CSC 436/Lab3/gradle/caches/modules-2) [subdir: /Users/tigerplayspc/Documents/CS/zoomana/CSC 436/Lab3/gradle/caches/modules-2/files-2.1] cleanup deleted 0 files/directories.
2025-01-21T15:02:36.678-0800 [INFO] [org.gradle.cache.internal.LeastRecentlyUsedCacheCleanup] artifact cache (/Users/tigerplayspc/Documents/CS/zoomana/CSC 436/Lab3/gradle/caches/modules-2) [subdir: /Users/tigerplayspc/Documents/CS/zoomana/CSC 436/Lab3/gradle/caches/modules-2/files-2.1] removing files not accessed on or after Sun Dec 22 15:01:05 PST 2024.
2025-01-21T15:02:36.678-0800 [DEBUG] [org.gradle.cache.internal.LockOnDemandCrossProcessCacheAccess] Acquiring file lock for journal cache (/Users/tigerplayspc/Documents/CS/zoomana/CSC 436/Lab3/gradle/caches/journal-1)
2025-01-21T15:02:36.679-0800 [DEBUG] [org.gradle.cache.internal.DefaultFileLockManager] Waiting to acquire exclusive lock on journal cache (/Users/tigerplayspc/Documents/CS/zoomana/CSC 436/Lab3/gradle/caches/journal-1).
2025-01-21T15:02:36.679-0800 [DEBUG] [org.gradle.cache.internal.DefaultFileLockManager] The file lock for journal cache (/Users/tigerplayspc/Documents/CS/zoomana/CSC 436/Lab3/gradle/caches/journal-1) is held by a different Gradle process (pid: 2569, lockId: 1064203300666204938). Pinged owner at port 58045
2025-01-21T15:02:36.680-0800 [DEBUG] [org.gradle.cache.internal.locklistener.DefaultFileLockContentionHandler] Gradle process at port 58045 confirmed unlock request for lock with id 1064203300666204938.
2025-01-21T15:02:36.680-0800 [DEBUG] [org.gradle.cache.internal.locklistener.DefaultFileLockContentionHandler] Gradle process at port 58045 confirmed unlock request for lock with id 1064203300666204938.
2025-01-21T15:02:36.858-0800 [DEBUG] [org.gradle.cache.internal.locklistener.DefaultFileLockContentionHandler] Gradle process at port 58045 confirmed lock release for lock with id 1064203300666204938.
2025-01-21T15:02:36.858-0800 [DEBUG] [org.gradle.cache.internal.locklistener.DefaultFileLockContentionHandler] Triggering lock release signal for lock with id 1064203300666204938.
2025-01-21T15:02:36.858-0800 [DEBUG] [org.gradle.cache.internal.locklistener.DefaultFileLockContentionHandler] Gradle process at port 58045 confirmed lock release for lock with id 1064203300666204938.
2025-01-21T15:02:36.858-0800 [DEBUG] [org.gradle.cache.internal.locklistener.DefaultFileLockContentionHandler] Triggering lock release signal for lock with id 1064203300666204938.
2025-01-21T15:02:36.858-0800 [DEBUG] [org.gradle.cache.internal.DefaultFileLockManager] Lock acquired on journal cache (/Users/tigerplayspc/Documents/CS/zoomana/CSC 436/Lab3/gradle/caches/journal-1).
2025-01-21T15:02:36.859-0800 [INFO] [org.gradle.cache.internal.InMemoryDecoratedCache] Invalidating in-memory cache of /Users/tigerplayspc/Documents/CS/zoomana/CSC 436/Lab3/gradle/caches/journal-1/file-access.bin
2025-01-21T15:02:36.861-0800 [DEBUG] [org.gradle.cache.internal.btree.BTreePersistentIndexedCache] Opening cache file-access.bin (/Users/tigerplayspc/Documents/CS/zoomana/CSC 436/Lab3/gradle/caches/journal-1/file-access.bin)
2025-01-21T15:02:37.015-0800 [INFO] [org.gradle.cache.internal.AbstractCacheCleanup] artifact cache (/Users/tigerplayspc/Documents/CS/zoomana/CSC 436/Lab3/gradle/caches/modules-2) [subdir: /Users/tigerplayspc/Documents/CS/zoomana/CSC 436/Lab3/gradle/caches/modules-2/files-2.1] cleanup deleted 0 files/directories.
2025-01-21T15:02:37.016-0800 [INFO] [org.gradle.cache.internal.AbstractCacheCleanup] artifact cache (/Users/tigerplayspc/Documents/CS/zoomana/CSC 436/Lab3/gradle/caches/modules-2) [subdir: /Users/tigerplayspc/Documents/CS/zoomana/CSC 436/Lab3/gradle/caches/modules-2/metadata-2.106] cleanup deleted 0 files/directories.
2025-01-21T15:02:37.017-0800 [INFO] [org.gradle.cache.internal.AbstractCacheCleanup] artifact cache (/Users/tigerplayspc/Documents/CS/zoomana/CSC 436/Lab3/gradle/caches/modules-2) cleanup deleted 0 files/directories.
2025-01-21T15:02:37.023-0800 [INFO] [org.gradle.cache.internal.DefaultCacheCleanupExecutor] artifact cache (/Users/tigerplayspc/Documents/CS/zoomana/CSC 436/Lab3/gradle/caches/modules-2) cleaned up in 0.361 secs.
2025-01-21T15:02:37.023-0800 [DEBUG] [org.gradle.internal.operations.DefaultBuildOperationRunner] Completing Build operation 'Clean up artifact cache (/Users/tigerplayspc/Documents/CS/zoomana/CSC 436/Lab3/gradle/caches/modules-2)'
2025-01-21T15:02:37.023-0800 [DEBUG] [org.gradle.internal.operations.DefaultBuildOperationRunner] Build operation 'Clean up artifact cache (/Users/tigerplayspc/Documents/CS/zoomana/CSC 436/Lab3/gradle/caches/modules-2)' completed
2025-01-21T15:02:37.024-0800 [DEBUG] [org.gradle.cache.internal.DefaultCacheCleanupExecutor] groovy-dsl (/Users/tigerplayspc/Documents/CS/zoomana/CSC 436/Lab3/gradle/caches/8.9/groovy-dsl) has last been fully cleaned up 0 hours ago
2025-01-21T15:02:37.024-0800 [DEBUG] [org.gradle.cache.internal.DefaultCacheCleanupExecutor] Skipping cleanup for groovy-dsl (/Users/tigerplayspc/Documents/CS/zoomana/CSC 436/Lab3/gradle/caches/8.9/groovy-dsl) as it is not yet due
2025-01-21T15:02:37.024-0800 [DEBUG] [org.gradle.cache.internal.DefaultCacheCoordinator] Cache groovy-dsl (/Users/tigerplayspc/Documents/CS/zoomana/CSC 436/Lab3/gradle/caches/8.9/groovy-dsl) was closed 0 times.
2025-01-21T15:02:37.024-0800 [DEBUG] [org.gradle.cache.internal.DefaultCacheCleanupExecutor] Artifact transforms cache (/Users/tigerplayspc/Documents/CS/zoomana/CSC 436/Lab3/gradle/caches/8.9/transforms) has last been fully cleaned up 0 hours ago
2025-01-21T15:02:37.025-0800 [DEBUG] [org.gradle.cache.internal.DefaultCacheCleanupExecutor] Skipping cleanup for Artifact transforms cache (/Users/tigerplayspc/Documents/CS/zoomana/CSC 436/Lab3/gradle/caches/8.9/transforms) as it is not yet due
2025-01-21T15:02:37.025-0800 [DEBUG] [org.gradle.cache.internal.DefaultCacheCoordinator] Cache Artifact transforms cache (/Users/tigerplayspc/Documents/CS/zoomana/CSC 436/Lab3/gradle/caches/8.9/transforms) was closed 0 times.
2025-01-21T15:02:37.025-0800 [DEBUG] [org.gradle.cache.internal.DefaultCacheCleanupExecutor] kotlin-dsl (/Users/tigerplayspc/Documents/CS/zoomana/CSC 436/Lab3/gradle/caches/8.9/kotlin-dsl) has last been fully cleaned up 0 hours ago
2025-01-21T15:02:37.025-0800 [DEBUG] [org.gradle.cache.internal.DefaultCacheCleanupExecutor] Skipping cleanup for kotlin-dsl (/Users/tigerplayspc/Documents/CS/zoomana/CSC 436/Lab3/gradle/caches/8.9/kotlin-dsl) as it is not yet due
2025-01-21T15:02:37.025-0800 [DEBUG] [org.gradle.cache.internal.DefaultCacheCoordinator] Cache kotlin-dsl (/Users/tigerplayspc/Documents/CS/zoomana/CSC 436/Lab3/gradle/caches/8.9/kotlin-dsl) was closed 0 times.
2025-01-21T15:02:37.026-0800 [DEBUG] [org.gradle.cache.internal.LockOnDemandCrossProcessCacheAccess] Releasing file lock for journal cache (/Users/tigerplayspc/Documents/CS/zoomana/CSC 436/Lab3/gradle/caches/journal-1)
2025-01-21T15:02:37.026-0800 [DEBUG] [org.gradle.cache.internal.btree.BTreePersistentIndexedCache] Closing cache file-access.bin (/Users/tigerplayspc/Documents/CS/zoomana/CSC 436/Lab3/gradle/caches/journal-1/file-access.bin)
2025-01-21T15:02:37.026-0800 [DEBUG] [org.gradle.cache.internal.DefaultFileLockManager] Releasing lock on journal cache (/Users/tigerplayspc/Documents/CS/zoomana/CSC 436/Lab3/gradle/caches/journal-1).
2025-01-21T15:02:37.027-0800 [DEBUG] [org.gradle.cache.internal.DefaultCacheCoordinator] Cache journal cache (/Users/tigerplayspc/Documents/CS/zoomana/CSC 436/Lab3/gradle/caches/journal-1) was closed 2 times.
2025-01-21T15:02:37.028-0800 [DEBUG] [org.gradle.internal.operations.DefaultBuildOperationRunner] Build operation 'Deleting unused version-specific caches in /Users/tigerplayspc/Documents/CS/zoomana/CSC 436/Lab3/gradle/caches' started
2025-01-21T15:02:37.028-0800 [DEBUG] [org.gradle.internal.operations.DefaultBuildOperationRunner] Completing Build operation 'Deleting unused version-specific caches in /Users/tigerplayspc/Documents/CS/zoomana/CSC 436/Lab3/gradle/caches'
2025-01-21T15:02:37.029-0800 [DEBUG] [org.gradle.internal.operations.DefaultBuildOperationRunner] Build operation 'Deleting unused version-specific caches in /Users/tigerplayspc/Documents/CS/zoomana/CSC 436/Lab3/gradle/caches' completed
2025-01-21T15:02:37.029-0800 [DEBUG] [org.gradle.launcher.daemon.server.Daemon] stop() called on daemon
2025-01-21T15:02:37.029-0800 [INFO] [org.gradle.launcher.daemon.server.Daemon] Stop requested. Daemon is removing its presence from the registry...
2025-01-21T15:02:37.030-0800 [DEBUG] [org.gradle.launcher.daemon.server.DaemonRegistryUpdater] Removing our presence to clients, eg. removing this address from the registry: [adba01bd-627c-46e1-9b17-716f8819eb6e port:49858, addresses:[localhost/127.0.0.1]]
2025-01-21T15:02:37.030-0800 [DEBUG] [org.gradle.launcher.daemon.registry.PersistentDaemonRegistry] Removing daemon address: [adba01bd-627c-46e1-9b17-716f8819eb6e port:49858, addresses:[localhost/127.0.0.1]]
2025-01-21T15:02:37.030-0800 [DEBUG] [org.gradle.cache.internal.DefaultFileLockManager] Waiting to acquire exclusive lock on daemon addresses registry.
2025-01-21T15:02:37.030-0800 [DEBUG] [org.gradle.cache.internal.DefaultFileLockManager] Lock acquired on daemon addresses registry.
2025-01-21T15:02:37.030-0800 [DEBUG] [org.gradle.cache.internal.DefaultFileLockManager] Releasing lock on daemon addresses registry.
2025-01-21T15:02:37.030-0800 [DEBUG] [org.gradle.launcher.daemon.server.DaemonRegistryUpdater] Address removed from registry.
2025-01-21T15:02:37.031-0800 [DEBUG] [org.gradle.cache.internal.locklistener.DefaultFileLockContentionHandler] File lock listener thread completed.
2025-01-21T15:02:37.034-0800 [DEBUG] [java.lang.Runtime] Runtime.exit() called with status: 0
java.lang.Throwable: Runtime.exit(0)
	at java.base/java.lang.Shutdown.logRuntimeExit(Unknown Source)
	at java.base/java.lang.Shutdown.exit(Unknown Source)
	at java.base/java.lang.Runtime.exit(Unknown Source)
	at java.base/java.lang.System.exit(Unknown Source)
	at org.gradle.launcher.bootstrap.ProcessCompleter.complete(ProcessCompleter.java:21)
	at org.gradle.launcher.bootstrap.EntryPoint.run(EntryPoint.java:61)
	at java.base/jdk.internal.reflect.DirectMethodHandleAccessor.invoke(Unknown Source)
	at java.base/java.lang.reflect.Method.invoke(Unknown Source)
	at org.gradle.launcher.bootstrap.ProcessBootstrap.runNoExit(ProcessBootstrap.java:60)
	at org.gradle.launcher.bootstrap.ProcessBootstrap.run(ProcessBootstrap.java:37)
	at org.gradle.launcher.daemon.bootstrap.GradleDaemon.main(GradleDaemon.java:22)
Daemon vm is shutting down... The daemon has exited normally or was terminated in response to a user interrupt.
2025-01-21T15:02:37.035-0800 [DEBUG] [org.gradle.launcher.daemon.registry.PersistentDaemonRegistry] Removing daemon address: [adba01bd-627c-46e1-9b17-716f8819eb6e port:49858, addresses:[localhost/127.0.0.1]]
2025-01-21T15:02:37.035-0800 [DEBUG] [org.gradle.launcher.daemon.server.Daemon] VM shutdown hook was unable to remove the daemon address from the registry. It will be cleaned up later.
java.lang.IllegalStateException: Cannot start managing file contention because this handler has been closed.
	at org.gradle.cache.internal.locklistener.DefaultFileLockContentionHandler.assertNotStopped(DefaultFileLockContentionHandler.java:217)
	at org.gradle.cache.internal.locklistener.DefaultFileLockContentionHandler.getCommunicator(DefaultFileLockContentionHandler.java:260)
	at org.gradle.cache.internal.locklistener.DefaultFileLockContentionHandler.reservePort(DefaultFileLockContentionHandler.java:254)
	at org.gradle.cache.internal.DefaultFileLockManager.lock(DefaultFileLockManager.java:124)
	at org.gradle.cache.internal.DefaultFileLockManager.lock(DefaultFileLockManager.java:106)
	at org.gradle.cache.internal.DefaultFileLockManager.lock(DefaultFileLockManager.java:101)
	at org.gradle.cache.internal.OnDemandFileAccess.updateFile(OnDemandFileAccess.java:51)
	at org.gradle.cache.internal.FileBackedObjectHolder.update(FileBackedObjectHolder.java:77)
	at org.gradle.cache.internal.FileIntegrityViolationSuppressingObjectHolderDecorator.lambda$update$0(FileIntegrityViolationSuppressingObjectHolderDecorator.java:48)
	at org.gradle.cache.internal.FileIntegrityViolationSuppressingObjectHolderDecorator.doUpdate(FileIntegrityViolationSuppressingObjectHolderDecorator.java:58)
	at org.gradle.cache.internal.FileIntegrityViolationSuppressingObjectHolderDecorator.update(FileIntegrityViolationSuppressingObjectHolderDecorator.java:48)
	at org.gradle.launcher.daemon.registry.PersistentDaemonRegistry.remove(PersistentDaemonRegistry.java:133)
	at org.gradle.launcher.daemon.server.Daemon$1.run(Daemon.java:133)
	at java.base/java.lang.Thread.run(Unknown Source)
